<?xml version="1.0" encoding="UTF-8"?>
<!-- Generated by org.testng.reporters.JUnitXMLReporter -->
<testsuite hostname="LAPTOP-27NML7KQ" ignored="0" name="Test" tests="1" failures="1" timestamp="17 abr 2018 02:44:20 GMT" time="15.945" errors="0">
  <testcase name="script" time="15.915" classname="scripts.CP_002">
    <failure type="java.lang.AssertionError" message="Falla en la creaci�n de usuario: El nombre de empleado no es v�lido.">
      <![CDATA[java.lang.AssertionError: Falla en la creaci�n de usuario: El nombre de empleado no es v�lido.
	at pageFactory.AddUserPage.checkUsuarioValido(AddUserPage.java:85)
	at pageFactory.AddUserPage.clickGuardar(AddUserPage.java:79)
	at pageFactory.AddUserPage.addUser(AddUserPage.java:99)
	at scripts.CP_002.script(CP_002.java:47)
... Removed 26 stack frames]]>
    </failure>
  </testcase> <!-- script -->
</testsuite> <!-- Test -->
